GROUP,PACKAGE,CLASS,INSTRUCTION_MISSED,INSTRUCTION_COVERED,BRANCH_MISSED,BRANCH_COVERED,LINE_MISSED,LINE_COVERED,COMPLEXITY_MISSED,COMPLEXITY_COVERED,METHOD_MISSED,METHOD_COVERED
tourguide,com.openclassrooms.tourguide.helper,InternalTestHelper,3,8,0,0,1,4,1,3,1,3
tourguide,com.openclassrooms.tourguide.service,TourGuideService,5,384,3,5,0,84,3,23,0,22
tourguide,com.openclassrooms.tourguide.service,TourGuideService.new Thread() {...},0,11,0,0,0,3,0,2,0,2
tourguide,com.openclassrooms.tourguide.service,RewardsService,7,197,1,11,2,38,2,14,1,9
tourguide,com.openclassrooms.tourguide.tracker,Tracker,5,95,1,3,3,27,1,6,0,5
tourguide,com.openclassrooms.tourguide,TourGuideModule,0,19,0,0,0,4,0,4,0,4
tourguide,com.openclassrooms.tourguide,TourguideApplication,5,3,0,0,2,1,1,1,1,1
tourguide,com.openclassrooms.tourguide,TourGuideController,0,36,0,0,0,8,0,7,0,7
